<?xml version="1.0" encoding="UTF-8"?>
<!-- Generated by org.testng.reporters.JUnitReportReporter -->
<testsuite hostname="BSTPL-LAP-69" failures="0" tests="2" name="CL.SeleniumFramework.LoginAndResetPassword.ResetPassword" time="5.039" errors="0" timestamp="2025-02-05T16:22:11 IST" skipped="0">
  <testcase classname="CL.SeleniumFramework.LoginAndResetPassword.ResetPassword" name="resetInvalidUserPassword" time="3.228"/>
  <system-out/>
  <testcase classname="CL.SeleniumFramework.LoginAndResetPassword.ResetPassword" name="resetValidUserPassword" time="1.811"/>
  <system-out/>
</testsuite> <!-- CL.SeleniumFramework.LoginAndResetPassword.ResetPassword -->
