<?xml version="1.0" encoding="UTF-8"?>
<!-- Generated by org.testng.reporters.JUnitReportReporter -->
<testsuite hostname="BSTPL-LAP-69" failures="0" tests="1" name="CL.SeleniumFramework.workFlowSystem" time="40.115" errors="0" timestamp="2024-11-11T17:09:35 IST" skipped="0">
  <testcase classname="CL.SeleniumFramework.workFlowSystem" name="createNewWorkFlowSystem" time="40.115"/>
  <system-out/>
</testsuite> <!-- CL.SeleniumFramework.workFlowSystem -->
