<?xml version="1.0" encoding="UTF-8"?>
<!-- Generated by org.testng.reporters.JUnitReportReporter -->
<testsuite hostname="BSTPL-LAP-69" failures="0" tests="1" name="CL.SeleniumFramework.Enterprise" time="14.659" errors="0" timestamp="2024-11-13T17:10:18 IST" skipped="0">
  <testcase classname="CL.SeleniumFramework.Enterprise" name="createEmailCampaign" time="14.659"/>
  <system-out/>
</testsuite> <!-- CL.SeleniumFramework.Enterprise -->
