<?xml version="1.0" encoding="UTF-8"?>
<!-- Generated by org.testng.reporters.JUnitReportReporter -->
<testsuite hostname="BSTPL-LAP-69" failures="0" tests="1" name="CL.SeleniumFramework.FreeTrialCompany" time="15.562" errors="0" timestamp="2024-09-30T13:41:26 IST" skipped="0">
  <testcase classname="CL.SeleniumFramework.FreeTrialCompany" name="addNewInsightsCompmany" time="15.562"/>
  <system-out/>
</testsuite> <!-- CL.SeleniumFramework.FreeTrialCompany -->
