<?xml version="1.0" encoding="UTF-8"?>
<!-- Generated by org.testng.reporters.JUnitReportReporter -->
<testsuite hostname="BSTPL-LAP-69" failures="0" tests="2" name="CL.SeleniumFramework.Login" time="6.422" errors="0" timestamp="2024-11-11T12:30:39 IST" skipped="0">
  <testcase classname="CL.SeleniumFramework.Login" name="invalidLogin" time="1.772"/>
  <system-out/>
  <testcase classname="CL.SeleniumFramework.Login" name="validLogin" time="4.650"/>
  <system-out/>
</testsuite> <!-- CL.SeleniumFramework.Login -->
