<?xml version="1.0" encoding="UTF-8"?>
<!-- Generated by org.testng.reporters.JUnitReportReporter -->
<testsuite hostname="BSTPL-LAP-69" failures="0" tests="2" name="CL.SeleniumFramework.ResetPassword" time="3.217" errors="0" timestamp="2024-11-11T12:31:59 IST" skipped="0">
  <testcase classname="CL.SeleniumFramework.ResetPassword" name="resetInvalidUserPassword" time="2.032"/>
  <system-out/>
  <testcase classname="CL.SeleniumFramework.ResetPassword" name="resetValidUserPassword" time="1.185"/>
  <system-out/>
</testsuite> <!-- CL.SeleniumFramework.ResetPassword -->
