<?xml version="1.0" encoding="UTF-8"?>
<!-- Generated by org.testng.reporters.JUnitReportReporter -->
<testsuite hostname="BSTPL-LAP-69" failures="0" tests="2" name="CL.SeleniumFramework.PromoCode" time="32.202" errors="0" timestamp="2024-10-04T08:54:32 IST" skipped="0">
  <testcase classname="CL.SeleniumFramework.PromoCode" name="addNewClPromoCode" time="20.751"/>
  <system-out/>
  <testcase classname="CL.SeleniumFramework.PromoCode" name="addNewPulsemPromoCode" time="11.451"/>
  <system-out/>
</testsuite> <!-- CL.SeleniumFramework.PromoCode -->
