<?xml version="1.0" encoding="UTF-8"?>
<!-- Generated by org.testng.reporters.JUnitReportReporter -->
<testsuite hostname="BSTPL-LAP-69" failures="0" tests="1" name="CL.SeleniumFramework.Companies.FreeTrialCompany" time="20.683" errors="0" timestamp="2025-02-05T16:22:11 IST" skipped="0">
  <testcase classname="CL.SeleniumFramework.Companies.FreeTrialCompany" name="addNewInsightsCompmany" time="20.683"/>
  <system-out/>
</testsuite> <!-- CL.SeleniumFramework.Companies.FreeTrialCompany -->
