<?xml version="1.0" encoding="UTF-8"?>
<!-- Generated by org.testng.reporters.JUnitReportReporter -->
<testsuite hostname="BSTPL-LAP-69" failures="0" tests="3" name="CL.SeleniumFramework.Users.AdminUsers" time="28.126" errors="0" timestamp="2025-02-05T16:22:11 IST" skipped="0">
  <testcase classname="CL.SeleniumFramework.Users.AdminUsers" name="addNewAdminUser" time="17.133"/>
  <system-out/>
  <testcase classname="CL.SeleniumFramework.Users.AdminUsers" name="loginWithNewAdminUser" time="4.083"/>
  <system-out/>
  <testcase classname="CL.SeleniumFramework.Users.AdminUsers" name="deleteUser" time="6.910"/>
  <system-out/>
</testsuite> <!-- CL.SeleniumFramework.Users.AdminUsers -->
