<?xml version="1.0" encoding="UTF-8"?>
<!-- Generated by org.testng.reporters.JUnitReportReporter -->
<testsuite hostname="BSTPL-LAP-69" failures="0" tests="3" name="CL.SeleniumFramework.AdminUsers" time="29.968" errors="0" timestamp="2024-11-11T12:31:36 IST" skipped="0">
  <testcase classname="CL.SeleniumFramework.AdminUsers" name="addNewAdminUser" time="15.974"/>
  <system-out/>
  <testcase classname="CL.SeleniumFramework.AdminUsers" name="loginWithNewAdminUser" time="3.069"/>
  <system-out/>
  <testcase classname="CL.SeleniumFramework.AdminUsers" name="deleteUser" time="10.925"/>
  <system-out/>
</testsuite> <!-- CL.SeleniumFramework.AdminUsers -->
