<?xml version="1.0" encoding="UTF-8"?>
<!-- Generated by org.testng.reporters.JUnitReportReporter -->
<testsuite hostname="BSTPL-LAP-69" failures="0" tests="1" name="CL.SeleniumFramework.Insights" time="14.844" errors="0" timestamp="2024-09-30T13:42:32 IST" skipped="0">
  <testcase classname="CL.SeleniumFramework.Insights" name="addNewInsightsCompmany" time="14.844"/>
  <system-out/>
</testsuite> <!-- CL.SeleniumFramework.Insights -->
