<?xml version="1.0" encoding="UTF-8"?>
<!-- Generated by org.testng.reporters.JUnitReportReporter -->
<testsuite hostname="BSTPL-LAP-69" failures="0" tests="2" name="CL.SeleniumFramework.LoginAndResetPassword.Login" time="6.469" errors="0" timestamp="2025-02-05T16:22:11 IST" skipped="0">
  <testcase classname="CL.SeleniumFramework.LoginAndResetPassword.Login" name="invalidLogin" time="2.507"/>
  <system-out/>
  <testcase classname="CL.SeleniumFramework.LoginAndResetPassword.Login" name="validLogin" time="3.962"/>
  <system-out/>
</testsuite> <!-- CL.SeleniumFramework.LoginAndResetPassword.Login -->
